<?xml version="1.0" encoding="UTF-8"?>
<testng-results ignored="0" total="1" passed="1" failed="0" skipped="0">
  <reporter-output>
  </reporter-output>
  <suite started-at="2023-12-02T18:59:29 PKT" name="Default suite" finished-at="2023-12-02T18:59:29 PKT" duration-ms="97">
    <groups>
    </groups>
    <test started-at="2023-12-02T18:59:29 PKT" name="Default test" finished-at="2023-12-02T18:59:29 PKT" duration-ms="97">
      <class name="Test.Second.ClassTest">
        <test-method is-config="true" signature="test8()[pri:0, instance:Test.Second.ClassTest@c88a337]" started-at="2023-12-02T18:59:29 PKT" name="test8" finished-at="2023-12-02T18:59:29 PKT" duration-ms="15" status="PASS">
          <reporter-output>
          </reporter-output>
        </test-method> <!-- test8 -->
        <test-method is-config="true" signature="test2()[pri:0, instance:Test.Second.ClassTest@c88a337]" started-at="2023-12-02T18:59:29 PKT" name="test2" finished-at="2023-12-02T18:59:29 PKT" duration-ms="2" status="PASS">
          <reporter-output>
          </reporter-output>
        </test-method> <!-- test2 -->
        <test-method is-config="true" signature="test7()[pri:0, instance:Test.Second.ClassTest@c88a337]" started-at="2023-12-02T18:59:29 PKT" name="test7" finished-at="2023-12-02T18:59:29 PKT" duration-ms="1" status="PASS">
          <reporter-output>
          </reporter-output>
        </test-method> <!-- test7 -->
        <test-method is-config="true" signature="test5()[pri:0, instance:Test.Second.ClassTest@c88a337]" started-at="2023-12-02T18:59:29 PKT" name="test5" finished-at="2023-12-02T18:59:29 PKT" duration-ms="0" status="PASS">
          <reporter-output>
          </reporter-output>
        </test-method> <!-- test5 -->
        <test-method signature="test()[pri:0, instance:Test.Second.ClassTest@c88a337]" started-at="2023-12-02T18:59:29 PKT" name="test" finished-at="2023-12-02T18:59:29 PKT" duration-ms="11" status="PASS">
          <reporter-output>
          </reporter-output>
        </test-method> <!-- test -->
        <test-method is-config="true" signature="test4()[pri:0, instance:Test.Second.ClassTest@c88a337]" started-at="2023-12-02T18:59:29 PKT" name="test4" finished-at="2023-12-02T18:59:29 PKT" duration-ms="1" status="PASS">
          <reporter-output>
          </reporter-output>
        </test-method> <!-- test4 -->
        <test-method is-config="true" signature="test6()[pri:0, instance:Test.Second.ClassTest@c88a337]" started-at="2023-12-02T18:59:29 PKT" name="test6" finished-at="2023-12-02T18:59:29 PKT" duration-ms="1" status="PASS">
          <reporter-output>
          </reporter-output>
        </test-method> <!-- test6 -->
        <test-method is-config="true" signature="test20()[pri:0, instance:Test.Second.ClassTest@c88a337]" started-at="2023-12-02T18:59:29 PKT" name="test20" finished-at="2023-12-02T18:59:29 PKT" duration-ms="1" status="PASS">
          <reporter-output>
          </reporter-output>
        </test-method> <!-- test20 -->
        <test-method is-config="true" signature="test9()[pri:0, instance:Test.Second.ClassTest@c88a337]" started-at="2023-12-02T18:59:29 PKT" name="test9" finished-at="2023-12-02T18:59:29 PKT" duration-ms="2" status="PASS">
          <reporter-output>
          </reporter-output>
        </test-method> <!-- test9 -->
      </class> <!-- Test.Second.ClassTest -->
    </test> <!-- Default test -->
  </suite> <!-- Default suite -->
</testng-results>
